<?xml version="1.0" encoding="UTF-8"?>
<!-- Generated by org.testng.reporters.JUnitReportReporter -->
<testsuite hostname="MOHINI" failures="0" tests="1" name="project_E_learning.byjus_councillar" time="41.921" errors="0" timestamp="2023-07-14T00:13:02 IST" skipped="0">
  <testcase classname="project_E_learning.byjus_councillar" name="Byjus2" time="41.921"/>
</testsuite> <!-- project_E_learning.byjus_councillar -->
