<?xml version="1.0" encoding="UTF-8"?>
<!-- Generated by org.testng.reporters.JUnitReportReporter -->
<testsuite hostname="MOHINI" failures="0" tests="1" name="project_E_learning.byjus_offline" time="47.375" errors="0" timestamp="2023-07-13T17:37:30 IST" skipped="0">
  <testcase classname="project_E_learning.byjus_offline" name="Byjus" time="47.375"/>
</testsuite> <!-- project_E_learning.byjus_offline -->
